<?xml version="1.0" encoding="UTF-8"?>
<robot generator="Robot 5.0 (Python 3.10.3 on win32)" generated="20220502 19:59:59.627" rpa="false" schemaversion="3">
<suite id="s1" name="Google Consulta" source="C:\Users\pc\PycharmProjects\133PetsRobotFramework\google_consulta.robot">
<test id="s1-t1" name="Test title" line="14">
<kw name="Acessar o Chrome na pagina &lt;https://www.google.com.br&gt;" sourcename="Acessar o ${browser} na pagina &lt;${url}&gt;">
<kw name="Open Browser" library="SeleniumLibrary">
<arg>${url}</arg>
<arg>${browser}</arg>
<doc>Opens a new browser instance to the optional ``url``.</doc>
<msg timestamp="20220502 20:00:00.271" level="INFO">Opening browser 'Chrome' to base url 'https://www.google.com.br'.</msg>
<status status="PASS" starttime="20220502 20:00:00.271" endtime="20220502 20:00:09.588"/>
</kw>
<status status="PASS" starttime="20220502 20:00:00.271" endtime="20220502 20:00:09.588"/>
</kw>
<kw name="Digitar &quot;Ovos de Páscoa&quot; na pesquisa" sourcename="Digitar ${palavra_chave} na pesquisa">
<kw name="Set Test Variable" library="BuiltIn">
<arg>${palavra_chave}</arg>
<doc>Makes a variable available everywhere within the scope of the current test.</doc>
<msg timestamp="20220502 20:00:09.590" level="INFO">${palavra_chave} = "Ovos de Páscoa"</msg>
<status status="PASS" starttime="20220502 20:00:09.589" endtime="20220502 20:00:09.590"/>
</kw>
<kw name="Input Text" library="SeleniumLibrary">
<arg>name = q</arg>
<arg>${palavra_chave}</arg>
<doc>Types the given ``text`` into the text field identified by ``locator``.</doc>
<msg timestamp="20220502 20:00:09.590" level="INFO">Typing text '"Ovos de Páscoa"' into text field 'name = q'.</msg>
<status status="PASS" starttime="20220502 20:00:09.590" endtime="20220502 20:00:09.731"/>
</kw>
<kw name="Press Keys" library="SeleniumLibrary">
<arg>name = q</arg>
<arg>ENTER</arg>
<doc>Simulates the user pressing key(s) to an element or on the active browser.</doc>
<msg timestamp="20220502 20:00:09.732" level="INFO">Sending key(s) ('ENTER',) to name = q element.</msg>
<msg timestamp="20220502 20:00:10.091" level="INFO">Pressing special key ENTER to element.</msg>
<msg timestamp="20220502 20:00:10.091" level="INFO">Releasing special key ENTER.</msg>
<status status="PASS" starttime="20220502 20:00:09.731" endtime="20220502 20:00:13.764"/>
</kw>
<status status="PASS" starttime="20220502 20:00:09.589" endtime="20220502 20:00:13.764"/>
</kw>
<kw name="Validar se aparece no título da guia o resultado esperado">
<kw name="Get Title" library="SeleniumLibrary">
<var>${titulo}</var>
<doc>Returns the title of the current page.</doc>
<msg timestamp="20220502 20:00:13.771" level="INFO">${titulo} = "Ovos de Páscoa" - Pesquisa Google</msg>
<status status="PASS" starttime="20220502 20:00:13.765" endtime="20220502 20:00:13.771"/>
</kw>
<kw name="Should Contain" library="BuiltIn">
<arg>${titulo}</arg>
<arg>${palavra_chave}</arg>
<doc>Fails if ``container`` does not contain ``item`` one or more times.</doc>
<status status="PASS" starttime="20220502 20:00:13.771" endtime="20220502 20:00:13.771"/>
</kw>
<status status="PASS" starttime="20220502 20:00:13.764" endtime="20220502 20:00:13.772"/>
</kw>
<kw name="Fechar o browser">
<kw name="Close Browser" library="SeleniumLibrary">
<doc>Closes the current browser.</doc>
<status status="PASS" starttime="20220502 20:00:13.772" endtime="20220502 20:00:16.007"/>
</kw>
<status status="PASS" starttime="20220502 20:00:13.772" endtime="20220502 20:00:16.007"/>
</kw>
<tag>completo, rapido</tag>
<status status="PASS" starttime="20220502 20:00:00.271" endtime="20220502 20:00:16.007"/>
</test>
<doc>Testes de consult no buscador Google
abre o navegador Chrome
e realiza a consulta</doc>
<status status="PASS" starttime="20220502 19:59:59.627" endtime="20220502 20:00:16.007"/>
</suite>
<statistics>
<total>
<stat pass="1" fail="0" skip="0">All Tests</stat>
</total>
<tag>
<stat pass="1" fail="0" skip="0">completo, rapido</stat>
</tag>
<suite>
<stat pass="1" fail="0" skip="0" id="s1" name="Google Consulta">Google Consulta</stat>
</suite>
</statistics>
<errors>
</errors>
</robot>
